<?xml version="1.0" encoding="UTF-8"?>
<testng-results skipped="0" failed="0" total="2" passed="2">
  <reporter-output>
  </reporter-output>
  <suite name="Suite" duration-ms="46" started-at="2015-06-29T06:57:11Z" finished-at="2015-06-29T06:57:11Z">
    <groups>
    </groups>
    <test name="Test" duration-ms="46" started-at="2015-06-29T06:57:11Z" finished-at="2015-06-29T06:57:11Z">
      <class name="com.comcast.test.TaxCalculatorTest">
        <test-method status="PASS" signature="testTaxCalculation()[pri:0, instance:com.comcast.test.TaxCalculatorTest@6f79caec]" name="testTaxCalculation" duration-ms="16" started-at="2015-06-28T23:57:11Z" finished-at="2015-06-28T23:57:11Z">
          <reporter-output>
          </reporter-output>
        </test-method> <!-- testTaxCalculation -->
        <test-method status="PASS" signature="testTaxCalculationErrorCase()[pri:0, instance:com.comcast.test.TaxCalculatorTest@6f79caec]" name="testTaxCalculationErrorCase" duration-ms="1" started-at="2015-06-28T23:57:11Z" finished-at="2015-06-28T23:57:11Z">
          <exception class="java.lang.Exception">
            <message>
              <![CDATA[Invalid item type is provided. It should be 1 or 2]]>
            </message>
            <full-stacktrace>
              <![CDATA[java.lang.Exception: Invalid item type is provided. It should be 1 or 2
	at com.comcast.task.TaxCalculator.getItemTotalCost(TaxCalculator.java:22)
	at com.comcast.test.TaxCalculatorTest.testTaxCalculationErrorCase(TaxCalculatorTest.java:24)
	at sun.reflect.NativeMethodAccessorImpl.invoke0(Native Method)
	at sun.reflect.NativeMethodAccessorImpl.invoke(Unknown Source)
	at sun.reflect.DelegatingMethodAccessorImpl.invoke(Unknown Source)
	at java.lang.reflect.Method.invoke(Unknown Source)
	at org.testng.internal.MethodInvocationHelper.invokeMethod(MethodInvocationHelper.java:85)
	at org.testng.internal.Invoker.invokeMethod(Invoker.java:648)
	at org.testng.internal.Invoker.invokeTestMethod(Invoker.java:834)
	at org.testng.internal.Invoker.invokeTestMethods(Invoker.java:1142)
	at org.testng.internal.TestMethodWorker.invokeTestMethods(TestMethodWorker.java:124)
	at org.testng.internal.TestMethodWorker.run(TestMethodWorker.java:108)
	at org.testng.TestRunner.privateRun(TestRunner.java:771)
	at org.testng.TestRunner.run(TestRunner.java:621)
	at org.testng.SuiteRunner.runTest(SuiteRunner.java:357)
	at org.testng.SuiteRunner.runSequentially(SuiteRunner.java:352)
	at org.testng.SuiteRunner.privateRun(SuiteRunner.java:310)
	at org.testng.SuiteRunner.run(SuiteRunner.java:259)
	at org.testng.SuiteRunnerWorker.runSuite(SuiteRunnerWorker.java:52)
	at org.testng.SuiteRunnerWorker.run(SuiteRunnerWorker.java:86)
	at org.testng.TestNG.runSuitesSequentially(TestNG.java:1176)
	at org.testng.TestNG.runSuitesLocally(TestNG.java:1101)
	at org.testng.TestNG.run(TestNG.java:1009)
	at org.testng.remote.RemoteTestNG.run(RemoteTestNG.java:111)
	at org.testng.remote.RemoteTestNG.initAndRun(RemoteTestNG.java:204)
	at org.testng.remote.RemoteTestNG.main(RemoteTestNG.java:175)
]]>
            </full-stacktrace>
          </exception> <!-- java.lang.Exception -->
          <reporter-output>
          </reporter-output>
        </test-method> <!-- testTaxCalculationErrorCase -->
      </class> <!-- com.comcast.test.TaxCalculatorTest -->
    </test> <!-- Test -->
  </suite> <!-- Suite -->
</testng-results>
